<?xml version="1.0" encoding="UTF-8"?>
<!-- Generated by org.testng.reporters.JUnitXMLReporter -->
<testsuite ignored="1" hostname="DESKTOP-8KP40EG" failures="0" tests="2" name="Default test" time="13.61" errors="0" timestamp="2024-01-12T18:06:39 IST">
  <testcase classname="com.mystore.testcases.TC_MyAccountPageTestDataDriven" name="VerifyLogin" time="3.728"/>
  <testcase classname="com.mystore.testcases.TC_MyAccountPageTestDataDriven" name="VerifyLogin" time="2.871"/>
  <testcase classname="com.mystore.testcases.TC_MyAccountPageTestDataDriven" name="verifyRegistrationandLogin" time="0.0">
    <ignored/>
  </testcase> <!-- verifyRegistrationandLogin -->
</testsuite> <!-- Default test -->
