<?xml version="1.0" encoding="UTF-8"?>
<testng-results ignored="0" total="2" passed="2" failed="0" skipped="0">
  <reporter-output>
  </reporter-output>
  <suite started-at="2024-01-12T18:06:25 IST" name="Default suite" finished-at="2024-01-12T18:06:39 IST" duration-ms="13610">
    <groups>
    </groups>
    <test started-at="2024-01-12T18:06:25 IST" name="Default test" finished-at="2024-01-12T18:06:39 IST" duration-ms="13610">
      <class name="com.mystore.testcases.TC_MyAccountPageTestDataDriven">
        <test-method is-config="true" signature="setup()[pri:0, instance:com.mystore.testcases.TC_MyAccountPageTestDataDriven@1c5920df]" started-at="2024-01-12T18:06:25 IST" name="setup" finished-at="2024-01-12T18:06:31 IST" duration-ms="5839" status="PASS">
          <reporter-output>
          </reporter-output>
        </test-method> <!-- setup -->
        <test-method signature="VerifyLogin(java.lang.String,java.lang.String,java.lang.String)[pri:0, instance:com.mystore.testcases.TC_MyAccountPageTestDataDriven@1c5920df]" started-at="2024-01-12T18:06:32 IST" name="VerifyLogin" data-provider="LoginDataProvider" finished-at="2024-01-12T18:06:36 IST" duration-ms="3728" status="PASS">
          <params>
            <param index="0">
              <value>
                <![CDATA[hrithikroshan151@gmail.com]]>
              </value>
            </param>
            <param index="1">
              <value>
                <![CDATA[hrithik101100]]>
              </value>
            </param>
            <param index="2">
              <value>
                <![CDATA[Hrithik Roshan]]>
              </value>
            </param>
          </params>
          <reporter-output>
          </reporter-output>
        </test-method> <!-- VerifyLogin -->
        <test-method signature="VerifyLogin(java.lang.String,java.lang.String,java.lang.String)[pri:0, instance:com.mystore.testcases.TC_MyAccountPageTestDataDriven@1c5920df]" started-at="2024-01-12T18:06:36 IST" name="VerifyLogin" data-provider="LoginDataProvider" finished-at="2024-01-12T18:06:39 IST" duration-ms="2871" status="PASS">
          <params>
            <param index="0">
              <value>
                <![CDATA[shashankraj468@gmail.com]]>
              </value>
            </param>
            <param index="1">
              <value>
                <![CDATA[shashank468]]>
              </value>
            </param>
            <param index="2">
              <value>
                <![CDATA[Shashank kalyan]]>
              </value>
            </param>
          </params>
          <reporter-output>
          </reporter-output>
        </test-method> <!-- VerifyLogin -->
        <test-method is-config="true" signature="tearDown()[pri:0, instance:com.mystore.testcases.TC_MyAccountPageTestDataDriven@1c5920df]" started-at="2024-01-12T18:06:39 IST" name="tearDown" finished-at="2024-01-12T18:06:39 IST" duration-ms="173" status="PASS">
          <reporter-output>
          </reporter-output>
        </test-method> <!-- tearDown -->
      </class> <!-- com.mystore.testcases.TC_MyAccountPageTestDataDriven -->
    </test> <!-- Default test -->
  </suite> <!-- Default suite -->
</testng-results>
